<?xml version="1.0" encoding="UTF-8"?>
<testng-results skipped="0" failed="0" ignored="0" total="1" passed="1">
  <reporter-output>
  </reporter-output>
  <suite name="Default suite" duration-ms="12326" started-at="2020-03-02T13:32:29 EST" finished-at="2020-03-02T13:32:41 EST">
    <groups>
    </groups>
    <test name="Default test" duration-ms="12326" started-at="2020-03-02T13:32:29 EST" finished-at="2020-03-02T13:32:41 EST">
      <class name="allTest.GoogleSearchTest">
        <test-method status="PASS" signature="searchTest()[pri:0, instance:allTest.GoogleSearchTest@4b553d26]" name="searchTest" duration-ms="12210" started-at="2020-03-02T13:32:29 EST" finished-at="2020-03-02T13:32:41 EST">
          <reporter-output>
          </reporter-output>
        </test-method> <!-- searchTest -->
      </class> <!-- allTest.GoogleSearchTest -->
    </test> <!-- Default test -->
  </suite> <!-- Default suite -->
</testng-results>
